This is pdfTeX, Version 3.141592653-2.6-1.40.27 (TeX Live 2025) (preloaded format=pdflatex 2025.9.28)  6 NOV 2025 23:07
entering extended mode
 restricted \write18 enabled.
 %&-line parsing enabled.
**main.tex
(./main.tex
LaTeX2e <2024-11-01> patch level 2
L3 programming layer <2025-01-18>
(./IEEEtran.cls
Document Class: IEEEtran 2015/08/26 V1.8b by Michael Shell
-- See the "IEEEtran_HOWTO" manual for usage information.
-- http://www.michaelshell.org/tex/ieeetran/
\@IEEEtrantmpdimenA=\dimen141
\@IEEEtrantmpdimenB=\dimen142
\@IEEEtrantmpdimenC=\dimen143
\@IEEEtrantmpcountA=\count196
\@IEEEtrantmpcountB=\count197
\@IEEEtrantmpcountC=\count198
\@IEEEtrantmptoksA=\toks17
LaTeX Font Info:    Trying to load font information for OT1+ptm on input line 5
03.
(/usr/local/texlive/2025basic/texmf-dist/tex/latex/psnfss/ot1ptm.fd
File: ot1ptm.fd 2001/06/04 font definitions for OT1/ptm.
)
-- Using 8.5in x 11in (letter) paper.
-- Using PDF output.
\@IEEEnormalsizeunitybaselineskip=\dimen144
-- This is a 10 point document.
\CLASSINFOnormalsizebaselineskip=\dimen145
\CLASSINFOnormalsizeunitybaselineskip=\dimen146
\IEEEnormaljot=\dimen147
LaTeX Font Info:    Font shape `OT1/ptm/bx/n' in size <5> not available
(Font)              Font shape `OT1/ptm/b/n' tried instead on input line 1090.
LaTeX Font Info:    Font shape `OT1/ptm/bx/it' in size <5> not available
(Font)              Font shape `OT1/ptm/b/it' tried instead on input line 1090.

LaTeX Font Info:    Font shape `OT1/ptm/bx/n' in size <7> not available
(Font)              Font shape `OT1/ptm/b/n' tried instead on input line 1090.
LaTeX Font Info:    Font shape `OT1/ptm/bx/it' in size <7> not available
(Font)              Font shape `OT1/ptm/b/it' tried instead on input line 1090.

LaTeX Font Info:    Font shape `OT1/ptm/bx/n' in size <8> not available
(Font)              Font shape `OT1/ptm/b/n' tried instead on input line 1090.
LaTeX Font Info:    Font shape `OT1/ptm/bx/it' in size <8> not available
(Font)              Font shape `OT1/ptm/b/it' tried instead on input line 1090.

LaTeX Font Info:    Font shape `OT1/ptm/bx/n' in size <9> not available
(Font)              Font shape `OT1/ptm/b/n' tried instead on input line 1090.
LaTeX Font Info:    Font shape `OT1/ptm/bx/it' in size <9> not available
(Font)              Font shape `OT1/ptm/b/it' tried instead on input line 1090.

LaTeX Font Info:    Font shape `OT1/ptm/bx/n' in size <10> not available
(Font)              Font shape `OT1/ptm/b/n' tried instead on input line 1090.
LaTeX Font Info:    Font shape `OT1/ptm/bx/it' in size <10> not available
(Font)              Font shape `OT1/ptm/b/it' tried instead on input line 1090.

LaTeX Font Info:    Font shape `OT1/ptm/bx/n' in size <11> not available
(Font)              Font shape `OT1/ptm/b/n' tried instead on input line 1090.
LaTeX Font Info:    Font shape `OT1/ptm/bx/it' in size <11> not available
(Font)              Font shape `OT1/ptm/b/it' tried instead on input line 1090.

LaTeX Font Info:    Font shape `OT1/ptm/bx/n' in size <12> not available
(Font)              Font shape `OT1/ptm/b/n' tried instead on input line 1090.
LaTeX Font Info:    Font shape `OT1/ptm/bx/it' in size <12> not available
(Font)              Font shape `OT1/ptm/b/it' tried instead on input line 1090.

LaTeX Font Info:    Font shape `OT1/ptm/bx/n' in size <17> not available
(Font)              Font shape `OT1/ptm/b/n' tried instead on input line 1090.
LaTeX Font Info:    Font shape `OT1/ptm/bx/it' in size <17> not available
(Font)              Font shape `OT1/ptm/b/it' tried instead on input line 1090.

LaTeX Font Info:    Font shape `OT1/ptm/bx/n' in size <20> not available
(Font)              Font shape `OT1/ptm/b/n' tried instead on input line 1090.
LaTeX Font Info:    Font shape `OT1/ptm/bx/it' in size <20> not available
(Font)              Font shape `OT1/ptm/b/it' tried instead on input line 1090.

LaTeX Font Info:    Font shape `OT1/ptm/bx/n' in size <24> not available
(Font)              Font shape `OT1/ptm/b/n' tried instead on input line 1090.
LaTeX Font Info:    Font shape `OT1/ptm/bx/it' in size <24> not available
(Font)              Font shape `OT1/ptm/b/it' tried instead on input line 1090.

\IEEEquantizedlength=\dimen148
\IEEEquantizedlengthdiff=\dimen149
\IEEEquantizedtextheightdiff=\dimen150
\IEEEilabelindentA=\dimen151
\IEEEilabelindentB=\dimen152
\IEEEilabelindent=\dimen153
\IEEEelabelindent=\dimen154
\IEEEdlabelindent=\dimen155
\IEEElabelindent=\dimen156
\IEEEiednormlabelsep=\dimen157
\IEEEiedmathlabelsep=\dimen158
\IEEEiedtopsep=\skip49
\c@section=\count199
\c@subsection=\count266
\c@subsubsection=\count267
\c@paragraph=\count268
\c@IEEEsubequation=\count269
\abovecaptionskip=\skip50
\belowcaptionskip=\skip51
\c@figure=\count270
\c@table=\count271
\@IEEEeqnnumcols=\count272
\@IEEEeqncolcnt=\count273
\@IEEEsubeqnnumrollback=\count274
\@IEEEquantizeheightA=\dimen159
\@IEEEquantizeheightB=\dimen160
\@IEEEquantizeheightC=\dimen161
\@IEEEquantizeprevdepth=\dimen162
\@IEEEquantizemultiple=\count275
\@IEEEquantizeboxA=\box52
\@IEEEtmpitemindent=\dimen163
\IEEEPARstartletwidth=\dimen164
\c@IEEEbiography=\count276
\@IEEEtranrubishbin=\box53
)
** ATTENTION: Overriding command lockouts (line 5).
(/usr/local/texlive/2025basic/texmf-dist/tex/latex/cite/cite.sty
LaTeX Info: Redefining \cite on input line 302.
LaTeX Info: Redefining \nocite on input line 332.
Package: cite 2015/02/27  v 5.5
)
(/usr/local/texlive/2025basic/texmf-dist/tex/latex/base/fontenc.sty
Package: fontenc 2021/04/29 v2.0v Standard LaTeX package
LaTeX Font Info:    Trying to load font information for T1+ptm on input line 11
6.

(/usr/local/texlive/2025basic/texmf-dist/tex/latex/psnfss/t1ptm.fd
File: t1ptm.fd 2001/06/04 font definitions for T1/ptm.
))
(/usr/local/texlive/2025basic/texmf-dist/tex/latex/base/inputenc.sty
Package: inputenc 2024/02/08 v1.3d Input encoding file
\inpenc@prehook=\toks18
\inpenc@posthook=\toks19
)
(/usr/local/texlive/2025basic/texmf-dist/tex/latex/base/textcomp.sty
Package: textcomp 2024/04/24 v2.1b Standard LaTeX package
)
(/usr/local/texlive/2025basic/texmf-dist/tex/latex/amsmath/amsmath.sty
Package: amsmath 2024/11/05 v2.17t AMS math features
\@mathmargin=\skip52

For additional information on amsmath, use the `?' option.
(/usr/local/texlive/2025basic/texmf-dist/tex/latex/amsmath/amstext.sty
Package: amstext 2021/08/26 v2.01 AMS text

(/usr/local/texlive/2025basic/texmf-dist/tex/latex/amsmath/amsgen.sty
File: amsgen.sty 1999/11/30 v2.0 generic functions
\@emptytoks=\toks20
\ex@=\dimen165
))
(/usr/local/texlive/2025basic/texmf-dist/tex/latex/amsmath/amsbsy.sty
Package: amsbsy 1999/11/29 v1.2d Bold Symbols
\pmbraise@=\dimen166
)
(/usr/local/texlive/2025basic/texmf-dist/tex/latex/amsmath/amsopn.sty
Package: amsopn 2022/04/08 v2.04 operator names
)
\inf@bad=\count277
LaTeX Info: Redefining \frac on input line 233.
\uproot@=\count278
\leftroot@=\count279
LaTeX Info: Redefining \overline on input line 398.
LaTeX Info: Redefining \colon on input line 409.
\classnum@=\count280
\DOTSCASE@=\count281
LaTeX Info: Redefining \ldots on input line 495.
LaTeX Info: Redefining \dots on input line 498.
LaTeX Info: Redefining \cdots on input line 619.
\Mathstrutbox@=\box54
\strutbox@=\box55
LaTeX Info: Redefining \big on input line 721.
LaTeX Info: Redefining \Big on input line 722.
LaTeX Info: Redefining \bigg on input line 723.
LaTeX Info: Redefining \Bigg on input line 724.
\big@size=\dimen167
LaTeX Font Info:    Redeclaring font encoding OML on input line 742.
LaTeX Font Info:    Redeclaring font encoding OMS on input line 743.
\macc@depth=\count282
LaTeX Info: Redefining \bmod on input line 904.
LaTeX Info: Redefining \pmod on input line 909.
LaTeX Info: Redefining \smash on input line 939.
LaTeX Info: Redefining \relbar on input line 969.
LaTeX Info: Redefining \Relbar on input line 970.
\c@MaxMatrixCols=\count283
\dotsspace@=\muskip17
\c@parentequation=\count284
\dspbrk@lvl=\count285
\tag@help=\toks21
\row@=\count286
\column@=\count287
\maxfields@=\count288
\andhelp@=\toks22
\eqnshift@=\dimen168
\alignsep@=\dimen169
\tagshift@=\dimen170
\tagwidth@=\dimen171
\totwidth@=\dimen172
\lineht@=\dimen173
\@envbody=\toks23
\multlinegap=\skip53
\multlinetaggap=\skip54
\mathdisplay@stack=\toks24
LaTeX Info: Redefining \[ on input line 2953.
LaTeX Info: Redefining \] on input line 2954.
)
(/usr/local/texlive/2025basic/texmf-dist/tex/latex/amsfonts/amssymb.sty
Package: amssymb 2013/01/14 v3.01 AMS font symbols

(/usr/local/texlive/2025basic/texmf-dist/tex/latex/amsfonts/amsfonts.sty
Package: amsfonts 2013/01/14 v3.01 Basic AMSFonts support
\symAMSa=\mathgroup4
\symAMSb=\mathgroup5
LaTeX Font Info:    Redeclaring math symbol \hbar on input line 98.
LaTeX Font Info:    Overwriting math alphabet `\mathfrak' in version `bold'
(Font)                  U/euf/m/n --> U/euf/b/n on input line 106.
))
(/usr/local/texlive/2025basic/texmf-dist/tex/latex/amscls/amsthm.sty
Package: amsthm 2020/05/29 v2.20.6
\thm@style=\toks25
\thm@bodyfont=\toks26
\thm@headfont=\toks27
\thm@notefont=\toks28
\thm@headpunct=\toks29
\thm@preskip=\skip55
\thm@postskip=\skip56
\thm@headsep=\skip57
\dth@everypar=\toks30
)
(/usr/local/texlive/2025basic/texmf-dist/tex/latex/graphics/graphicx.sty
Package: graphicx 2021/09/16 v1.2d Enhanced LaTeX Graphics (DPC,SPQR)

(/usr/local/texlive/2025basic/texmf-dist/tex/latex/graphics/keyval.sty
Package: keyval 2022/05/29 v1.15 key=value parser (DPC)
\KV@toks@=\toks31
)
(/usr/local/texlive/2025basic/texmf-dist/tex/latex/graphics/graphics.sty
Package: graphics 2024/08/06 v1.4g Standard LaTeX Graphics (DPC,SPQR)

(/usr/local/texlive/2025basic/texmf-dist/tex/latex/graphics/trig.sty
Package: trig 2023/12/02 v1.11 sin cos tan (DPC)
)
(/usr/local/texlive/2025basic/texmf-dist/tex/latex/graphics-cfg/graphics.cfg
File: graphics.cfg 2016/06/04 v1.11 sample graphics configuration
)
Package graphics Info: Driver file: pdftex.def on input line 106.

(/usr/local/texlive/2025basic/texmf-dist/tex/latex/graphics-def/pdftex.def
File: pdftex.def 2024/04/13 v1.2c Graphics/color driver for pdftex
))
\Gin@req@height=\dimen174
\Gin@req@width=\dimen175
)
(/usr/local/texlive/2025basic/texmf-dist/tex/latex/booktabs/booktabs.sty
Package: booktabs 2020/01/12 v1.61803398 Publication quality tables
\heavyrulewidth=\dimen176
\lightrulewidth=\dimen177
\cmidrulewidth=\dimen178
\belowrulesep=\dimen179
\belowbottomsep=\dimen180
\aboverulesep=\dimen181
\abovetopsep=\dimen182
\cmidrulesep=\dimen183
\cmidrulekern=\dimen184
\defaultaddspace=\dimen185
\@cmidla=\count289
\@cmidlb=\count290
\@aboverulesep=\dimen186
\@belowrulesep=\dimen187
\@thisruleclass=\count291
\@lastruleclass=\count292
\@thisrulewidth=\dimen188
)
(/usr/local/texlive/2025basic/texmf-dist/tex/latex/listings/listings.sty
\lst@mode=\count293
\lst@gtempboxa=\box56
\lst@token=\toks32
\lst@length=\count294
\lst@currlwidth=\dimen189
\lst@column=\count295
\lst@pos=\count296
\lst@lostspace=\dimen190
\lst@width=\dimen191
\lst@newlines=\count297
\lst@lineno=\count298
\lst@maxwidth=\dimen192

(/usr/local/texlive/2025basic/texmf-dist/tex/latex/listings/lstpatch.sty
File: lstpatch.sty 2024/09/23 1.10c (Carsten Heinz)
)
(/usr/local/texlive/2025basic/texmf-dist/tex/latex/listings/lstmisc.sty
File: lstmisc.sty 2024/09/23 1.10c (Carsten Heinz)
\c@lstnumber=\count299
\lst@skipnumbers=\count300
\lst@framebox=\box57
)
(/usr/local/texlive/2025basic/texmf-dist/tex/latex/listings/listings.cfg
File: listings.cfg 2024/09/23 1.10c listings configuration
))
Package: listings 2024/09/23 1.10c (Carsten Heinz)

(/usr/local/texlive/2025basic/texmf-dist/tex/latex/xcolor/xcolor.sty
Package: xcolor 2024/09/29 v3.02 LaTeX color extensions (UK)

(/usr/local/texlive/2025basic/texmf-dist/tex/latex/graphics-cfg/color.cfg
File: color.cfg 2016/01/02 v1.6 sample color configuration
)
Package xcolor Info: Driver file: pdftex.def on input line 274.

(/usr/local/texlive/2025basic/texmf-dist/tex/latex/graphics/mathcolor.ltx)
Package xcolor Info: Model `cmy' substituted by `cmy0' on input line 1349.
Package xcolor Info: Model `hsb' substituted by `rgb' on input line 1353.
Package xcolor Info: Model `RGB' extended on input line 1365.
Package xcolor Info: Model `HTML' substituted by `rgb' on input line 1367.
Package xcolor Info: Model `Hsb' substituted by `hsb' on input line 1368.
Package xcolor Info: Model `tHsb' substituted by `hsb' on input line 1369.
Package xcolor Info: Model `HSB' substituted by `hsb' on input line 1370.
Package xcolor Info: Model `Gray' substituted by `gray' on input line 1371.
Package xcolor Info: Model `wave' substituted by `hsb' on input line 1372.
)
(/usr/local/texlive/2025basic/texmf-dist/tex/latex/float/float.sty
Package: float 2001/11/08 v1.3d Float enhancements (AL)
\c@float@type=\count301
\float@exts=\toks33
\float@box=\box58
\@float@everytoks=\toks34
\@floatcapt=\box59
)
\@float@every@algorithm=\toks35
\c@algorithm=\count302
\c@theorem=\count303

(/usr/local/texlive/2025basic/texmf-dist/tex/latex/l3backend/l3backend-pdftex.d
ef
File: l3backend-pdftex.def 2024-05-08 L3 backend support: PDF output (pdfTeX)
\l__color_backend_stack_int=\count304
\l__pdf_internal_box=\box60
) (./main.aux)
\openout1 = `main.aux'.

LaTeX Font Info:    Checking defaults for OML/cmm/m/it on input line 122.
LaTeX Font Info:    ... okay on input line 122.
LaTeX Font Info:    Checking defaults for OMS/cmsy/m/n on input line 122.
LaTeX Font Info:    ... okay on input line 122.
LaTeX Font Info:    Checking defaults for OT1/cmr/m/n on input line 122.
LaTeX Font Info:    ... okay on input line 122.
LaTeX Font Info:    Checking defaults for T1/cmr/m/n on input line 122.
LaTeX Font Info:    ... okay on input line 122.
LaTeX Font Info:    Checking defaults for TS1/cmr/m/n on input line 122.
LaTeX Font Info:    ... okay on input line 122.
LaTeX Font Info:    Checking defaults for OMX/cmex/m/n on input line 122.
LaTeX Font Info:    ... okay on input line 122.
LaTeX Font Info:    Checking defaults for U/cmr/m/n on input line 122.
LaTeX Font Info:    ... okay on input line 122.

-- Lines per column: 56 (exact).
(/usr/local/texlive/2025basic/texmf-dist/tex/context/base/mkii/supp-pdf.mkii
[Loading MPS to PDF converter (version 2006.09.02).]
\scratchcounter=\count305
\scratchdimen=\dimen193
\scratchbox=\box61
\nofMPsegments=\count306
\nofMParguments=\count307
\everyMPshowfont=\toks36
\MPscratchCnt=\count308
\MPscratchDim=\dimen194
\MPnumerator=\count309
\makeMPintoPDFobject=\count310
\everyMPtoPDFconversion=\toks37
)
(/usr/local/texlive/2025basic/texmf-dist/tex/latex/epstopdf-pkg/epstopdf-base.s
ty
Package: epstopdf-base 2020-01-24 v2.11 Base part for package epstopdf
Package epstopdf-base Info: Redefining graphics rule for `.eps' on input line 4
85.

(/usr/local/texlive/2025basic/texmf-dist/tex/latex/latexconfig/epstopdf-sys.cfg
File: epstopdf-sys.cfg 2010/07/13 v1.3 Configuration of (r)epstopdf for TeX Liv
e
))
\c@lstlisting=\count311
LaTeX Font Info:    Trying to load font information for U+msa on input line 148
.
 (/usr/local/texlive/2025basic/texmf-dist/tex/latex/amsfonts/umsa.fd
File: umsa.fd 2013/01/14 v3.01 AMS symbols A
)
LaTeX Font Info:    Trying to load font information for U+msb on input line 148
.

(/usr/local/texlive/2025basic/texmf-dist/tex/latex/amsfonts/umsb.fd
File: umsb.fd 2013/01/14 v3.01 AMS symbols B
)
Underfull \hbox (badness 10000) in paragraph at lines 155--156
[]\T1/ptm/m/n/10 Location-based so-cial me-dia ap-pli-ca-tions such as
 []


Underfull \hbox (badness 6094) in paragraph at lines 155--156
\T1/ptm/m/n/10 Foursquare, Swarm, and var-i-ous check-in fea-tures in
 []



(./sections/greedy_problem.tex

[1{/usr/local/texlive/2025basic/texmf-var/fonts/map/pdftex/updmap/pdftex.map}{/
usr/local/texlive/2025basic/texmf-dist/fonts/enc/dvips/base/8r.enc}


]

LaTeX Warning: Citation `Karp1972' on page 2 undefined on input line 63.





[2]

LaTeX Warning: Citation `Nemhauser1978' on page 3 undefined on input line 204.




Overfull \hbox (3.90121pt too wide) detected at line 229
[]\OML/cmm/m/it/10 f\OT1/cmr/m/n/10 (\OML/cmm/m/it/10 S[]\OT1/cmr/m/n/10 ) \OMS
/cmsy/m/n/10 ^^U \OML/cmm/m/it/10 f\OT1/cmr/m/n/10 (\OML/cmm/m/it/10 S[]\OT1/cm
r/m/n/10 ) + []([] \OMS/cmsy/m/n/10 ^^@ \OML/cmm/m/it/10 f\OT1/cmr/m/n/10 (\OML
/cmm/m/it/10 S[]\OT1/cmr/m/n/10 )) = [] \OML/cmm/m/it/10 f\OT1/cmr/m/n/10 (\OML
/cmm/m/it/10 S[]\OT1/cmr/m/n/10 ) + [][]
 []


LaTeX Warning: Citation `Feige1998' on page 3 undefined on input line 254.



[3]

) (./sections/divide_conquer_problem.tex
LaTeX Font Info:    Trying to load font information for TS1+ptm on input line 2
0.

(/usr/local/texlive/2025basic/texmf-dist/tex/latex/psnfss/ts1ptm.fd
File: ts1ptm.fd 2001/06/04 font definitions for TS1/ptm.
)

[4]
Underfull \hbox (badness 5802) in paragraph at lines 49--50
[]\T1/ptm/m/it/10 Distance met-ric: Eu-clidean dis-tance $\OML/cmm/m/it/10 d\OT
1/cmr/m/n/10 (\OML/cmm/m/it/10 p[]; p[]\OT1/cmr/m/n/10 ) =
 []


Underfull \hbox (badness 1817) in paragraph at lines 65--66
[]\T1/ptm/b/n/10 Computational Com-plex-ity\T1/ptm/m/n/10 : A brute force al-go
-rithm
 []


LaTeX Warning: Citation `Shamos1975' on page 5 undefined on input line 70.




Underfull \hbox (badness 3291) in paragraph at lines 163--164
[]\T1/ptm/b/n/10 Theorem 7 \T1/ptm/m/n/10 (Time Com-plex-ity)\T1/ptm/b/n/10 . [
]\T1/ptm/m/it/10 Al-go-rithm 2[] runs in
 []



[5]
Overfull \hbox (20.62979pt too wide) detected at line 217
[][] \OT1/cmr/m/n/10 = \OML/cmm/m/it/10 O\OT1/cmr/m/n/10 (\OML/cmm/m/it/10 n []
 n\OT1/cmr/m/n/10 ) + \OML/cmm/m/it/10 T\OT1/cmr/m/n/10 (\OML/cmm/m/it/10 n\OT1
/cmr/m/n/10 ) = \OML/cmm/m/it/10 O\OT1/cmr/m/n/10 (\OML/cmm/m/it/10 n [] n\OT1/
cmr/m/n/10 ) + \OML/cmm/m/it/10 O\OT1/cmr/m/n/10 (\OML/cmm/m/it/10 n [] n\OT1/c
mr/m/n/10 ) = \OML/cmm/m/it/10 O\OT1/cmr/m/n/10 (\OML/cmm/m/it/10 n [] n\OT1/cm
r/m/n/10 )
 []





[6]

LaTeX Warning: `h' float specifier changed to `ht'.




Underfull \hbox (badness 2418) in paragraph at lines 362--363
[]\T1/ptm/b/n/10 Comparisons\T1/ptm/m/n/10 : Di-vide & Con-quer vs. Brute Force

 []

) (./sections/experiments.tex

[7]

Package amsmath Warning: Foreign command \atopwithdelims;
(amsmath)                \frac or \genfrac should be used instead
(amsmath)                 on input line 26.

<figures/runtime_vs_n.png, id=46, 710.8959pt x 421.575pt>
File: figures/runtime_vs_n.png Graphic file (type png)
<use figures/runtime_vs_n.png>
Package pdftex.def Info: figures/runtime_vs_n.png  used on input line 39.
(pdftex.def)             Requested size: 226.79846pt x 134.49506pt.



Underfull \hbox (badness 2189) in paragraph at lines 59--60
[]\T1/ptm/b/n/10 Setup\T1/ptm/m/n/10 : Fixed $\OML/cmm/m/it/10 n \OT1/cmr/m/n/1
0 = 1000$ \T1/ptm/m/n/10 users, $\OML/cmm/m/it/10 L \OT1/cmr/m/n/10 = 5000$ \T1
/ptm/m/n/10 lo-ca-
 []

<figures/coverage_vs_k.png, id=48, 710.8959pt x 421.3341pt>
File: figures/coverage_vs_k.png Graphic file (type png)
<use figures/coverage_vs_k.png>
Package pdftex.def Info: figures/coverage_vs_k.png  used on input line 63.
(pdftex.def)             Requested size: 226.79846pt x 134.4182pt.


[8 <./figures/runtime_vs_n.png> <./figures/coverage_vs_k.png>]
Underfull \hbox (badness 10000) in paragraph at lines 102--103
[]\T1/ptm/b/n/10 Setup\T1/ptm/m/n/10 : Small in-stances where brute
 []


Underfull \hbox (badness 10000) in paragraph at lines 102--103
\T1/ptm/m/n/10 force is fea-si-ble. Con-fig-u-ra-tions: $\OT1/cmr/m/n/10 (\OML/
cmm/m/it/10 n; k\OT1/cmr/m/n/10 ) \OMS/cmsy/m/n/10 2
 []


Underfull \hbox (badness 10000) in paragraph at lines 102--103
\OMS/cmsy/m/n/10 f\OT1/cmr/m/n/10 (10\OML/cmm/m/it/10 ; \OT1/cmr/m/n/10 3)\OML/
cmm/m/it/10 ; \OT1/cmr/m/n/10 (10\OML/cmm/m/it/10 ; \OT1/cmr/m/n/10 5)\OML/cmm/
m/it/10 ; \OT1/cmr/m/n/10 (12\OML/cmm/m/it/10 ; \OT1/cmr/m/n/10 4)\OML/cmm/m/it
/10 ; \OT1/cmr/m/n/10 (15\OML/cmm/m/it/10 ; \OT1/cmr/m/n/10 5)\OML/cmm/m/it/10 
; \OT1/cmr/m/n/10 (15\OML/cmm/m/it/10 ; \OT1/cmr/m/n/10 7)\OML/cmm/m/it/10 ; \O
T1/cmr/m/n/10 (18\OML/cmm/m/it/10 ; \OT1/cmr/m/n/10 5)\OML/cmm/m/it/10 ; \OT1/c
mr/m/n/10 (20\OML/cmm/m/it/10 ; \OT1/cmr/m/n/10 5)\OMS/cmsy/m/n/10 g$\T1/ptm/m/
n/10 .
 []

<figures/approximation_ratio.png, id=54, 1144.9977pt x 421.575pt>
File: figures/approximation_ratio.png Graphic file (type png)
<use figures/approximation_ratio.png>
Package pdftex.def Info: figures/approximation_ratio.png  used on input line 10
6.
(pdftex.def)             Requested size: 252.0pt x 92.77895pt.

Overfull \hbox (17.0204pt too wide) in paragraph at lines 118--131
 [][] 
 []



<figures/zipf_distribution.png, id=55, 855.4359pt x 421.8159pt>
File: figures/zipf_distribution.png Graphic file (type png)
<use figures/zipf_distribution.png>
Package pdftex.def Info: figures/zipf_distribution.png  used on input line 159.

(pdftex.def)             Requested size: 226.79846pt x 111.83217pt.
LaTeX Info: Symbol \textrightarrow not provided by
            font family ptm in TS1 encoding.
            Default family used instead on input line 167.

Underfull \hbox (badness 10000) in paragraph at lines 182--183
[]\T1/ptm/b/n/10 Setup\T1/ptm/m/n/10 : Gen-er-ated ran-dom points uni-formly
 []


Underfull \hbox (badness 10000) in paragraph at lines 182--183
\T1/ptm/m/n/10 dis-tributed in $\OT1/cmr/m/n/10 [0\OML/cmm/m/it/10 ; \OT1/cmr/m
/n/10 1000] \OMS/cmsy/m/n/10 ^^B \OT1/cmr/m/n/10 [0\OML/cmm/m/it/10 ; \OT1/cmr/
m/n/10 1000]$ \T1/ptm/m/n/10 square. Var-ied
 []

<figures/closest_pair_runtime.png, id=56, 1144.5159pt x 421.3341pt>
File: figures/closest_pair_runtime.png Graphic file (type png)
<use figures/closest_pair_runtime.png>
Package pdftex.def Info: figures/closest_pair_runtime.png  used on input line 1
86.
(pdftex.def)             Requested size: 252.0pt x 92.7645pt.

LaTeX Warning: `h' float specifier changed to `ht'.



[9 <./figures/approximation_ratio.png> <./figures/zipf_distribution.png> <./fig
ures/closest_pair_runtime.png>]
Underfull \hbox (badness 6978) in paragraph at lines 229--230
[]\T1/ptm/b/n/10 Setup\T1/ptm/m/n/10 : Tested di-vide & con-quer on sizes $\OML
/cmm/m/it/10 n \OMS/cmsy/m/n/10 2
 []

<figures/closest_pair_complexity.png, id=67, 1144.5159pt x 421.3341pt>
File: figures/closest_pair_complexity.png Graphic file (type png)
<use figures/closest_pair_complexity.png>
Package pdftex.def Info: figures/closest_pair_complexity.png  used on input lin
e 233.
(pdftex.def)             Requested size: 252.0pt x 92.7645pt.


<figures/closest_pair_distributions.png, id=68, 1144.5159pt x 421.3341pt>
File: figures/closest_pair_distributions.png Graphic file (type png)
<use figures/closest_pair_distributions.png>
Package pdftex.def Info: figures/closest_pair_distributions.png  used on input 
line 261.
(pdftex.def)             Requested size: 252.0pt x 92.7645pt.

Overfull \hbox (21.62169pt too wide) in paragraph at lines 273--283
 [][] 
 []



[10 <./figures/closest_pair_complexity.png> <./figures/closest_pair_distributio
ns.png>]
Overfull \hbox (5.78833pt too wide) in paragraph at lines 354--364
 [][] 
 []

)
Underfull \hbox (badness 1571) in paragraph at lines 174--175
\T1/ptm/m/n/10 fun-da-men-tal prob-lems in location-based so-cial net-works,
 []




Overfull \hbox (5.45222pt too wide) in paragraph at lines 223--235
 [][] 
 []


LaTeX Warning: `h' float specifier changed to `ht'.



[11]
No file main.bbl.


** WARNING: Ignoring useless \section in Appendix (line 267).

Underfull \hbox (badness 1365) in paragraph at lines 312--313
\T1/cmtt/m/n/10 src/greedy/max_coverage.cpp\T1/ptm/m/n/10 , specif-i-cally the 
use of
 []



[12]
Underfull \hbox (badness 10000) in paragraph at lines 352--353
\T1/ptm/b/n/10 Usage: \T1/ptm/m/n/10 This ex-pla-na-tion clar-i-fied the im-
 []


Underfull \hbox (badness 10000) in paragraph at lines 352--353
\T1/ptm/m/n/10 ple-men-ta-tion of \T1/cmtt/m/n/10 find_strip_closest() \T1/ptm/
m/n/10 in
 []


Underfull \hbox (badness 10000) in paragraph at lines 352--353
\T1/cmtt/m/n/10 src/divide_conquer/closest_pair.cpp \T1/ptm/m/n/10 and helped
 []




Underfull \hbox (badness 4454) in paragraph at lines 389--390
 \T1/ptm/m/it/10 4) Ex-am-ple 4: Vi-su-al-iz-ing Al-go-rithm Per-for-mance: [][
]
 []



[13]
** WARNING: Ignoring useless \section in Appendix (line 431).
(/usr/local/texlive/2025basic/texmf-dist/tex/latex/listings/lstlang1.sty
File: lstlang1.sty 2024/09/23 1.10c listings language file
)
(/usr/local/texlive/2025basic/texmf-dist/tex/latex/listings/lstlang1.sty
File: lstlang1.sty 2024/09/23 1.10c listings language file
)
(/usr/local/texlive/2025basic/texmf-dist/tex/latex/listings/lstmisc.sty
File: lstmisc.sty 2024/09/23 1.10c (Carsten Heinz)
)
LaTeX Font Info:    Font shape `T1/cmtt/bx/n' in size <8> not available
(Font)              Font shape `T1/cmtt/m/n' tried instead on input line 441.




[14]

** WARNING: Ignoring useless \section in Appendix (line 630).
LaTeX Font Info:    Font shape `T1/cmtt/bx/n' in size <5> not available
(Font)              Font shape `T1/cmtt/m/n' tried instead on input line 637.
(/usr/local/texlive/2025basic/texmf-dist/tex/latex/listings/lstlang1.sty
File: lstlang1.sty 2024/09/23 1.10c listings language file
)

[15]

** Conference Paper **
Before submitting the final camera ready copy, remember to:

 1. Manually equalize the lengths of two columns on the last page
 of your paper;

 2. Ensure that any PostScript and/or PDF output post-processing
 uses only Type 1 fonts and that every step in the generation
 process uses the appropriate paper size.





[16

] (./main.aux)
 ***********
LaTeX2e <2024-11-01> patch level 2
L3 programming layer <2025-01-18>
 ***********


LaTeX Warning: There were undefined references.

 ) 
Here is how much of TeX's memory you used:
 6982 strings out of 474662
 104284 string characters out of 5751109
 1674526 words of memory out of 5000000
 29915 multiletter control sequences out of 15000+600000
 694292 words of font info for 178 fonts, out of 8000000 for 9000
 319 hyphenation exceptions out of 8191
 57i,15n,71p,1009b,1730s stack positions out of 10000i,1000n,20000p,200000b,200000s
 </Users/anupsedhain/Library/texlive/2025basic/texmf-var/fonts/pk/ljfour/jkna
ppen/ec/tctt0800.375pk> </Users/anupsedhain/Library/texlive/2025basic/texmf-var
/fonts/pk/ljfour/jknappen/ec/ecit0800.375pk> </Users/anupsedhain/Library/texliv
e/2025basic/texmf-var/fonts/pk/ljfour/jknappen/ec/ectt0800.375pk> </Users/anups
edhain/Library/texlive/2025basic/texmf-var/fonts/pk/ljfour/jknappen/ec/ectt0800
.600pk> </Users/anupsedhain/Library/texlive/2025basic/texmf-var/fonts/pk/ljfour
/jknappen/ec/ecit0800.600pk> </Users/anupsedhain/Library/texlive/2025basic/texm
f-var/fonts/pk/ljfour/jknappen/ec/tcrm1000.600pk> </Users/anupsedhain/Library/t
exlive/2025basic/texmf-var/fonts/pk/ljfour/jknappen/ec/ectt1000.600pk> </Users/
anupsedhain/Library/texlive/2025basic/texmf-var/fonts/pk/ljfour/jknappen/ec/ect
t1095.600pk></usr/local/texlive/2025basic/texmf-dist/fonts/type1/public/amsfont
s/cm/cmex10.pfb></usr/local/texlive/2025basic/texmf-dist/fonts/type1/public/ams
fonts/cm/cmmi10.pfb></usr/local/texlive/2025basic/texmf-dist/fonts/type1/public
/amsfonts/cm/cmmi5.pfb></usr/local/texlive/2025basic/texmf-dist/fonts/type1/pub
lic/amsfonts/cm/cmmi6.pfb></usr/local/texlive/2025basic/texmf-dist/fonts/type1/
public/amsfonts/cm/cmmi7.pfb></usr/local/texlive/2025basic/texmf-dist/fonts/typ
e1/public/amsfonts/cm/cmmi8.pfb></usr/local/texlive/2025basic/texmf-dist/fonts/
type1/public/amsfonts/cm/cmmi9.pfb></usr/local/texlive/2025basic/texmf-dist/fon
ts/type1/public/amsfonts/cm/cmr10.pfb></usr/local/texlive/2025basic/texmf-dist/
fonts/type1/public/amsfonts/cm/cmr6.pfb></usr/local/texlive/2025basic/texmf-dis
t/fonts/type1/public/amsfonts/cm/cmr7.pfb></usr/local/texlive/2025basic/texmf-d
ist/fonts/type1/public/amsfonts/cm/cmr8.pfb></usr/local/texlive/2025basic/texmf
-dist/fonts/type1/public/amsfonts/cm/cmr9.pfb></usr/local/texlive/2025basic/tex
mf-dist/fonts/type1/public/amsfonts/cm/cmsy10.pfb></usr/local/texlive/2025basic
/texmf-dist/fonts/type1/public/amsfonts/cm/cmsy5.pfb></usr/local/texlive/2025ba
sic/texmf-dist/fonts/type1/public/amsfonts/cm/cmsy7.pfb></usr/local/texlive/202
5basic/texmf-dist/fonts/type1/public/amsfonts/cm/cmsy8.pfb></usr/local/texlive/
2025basic/texmf-dist/fonts/type1/public/amsfonts/cm/cmsy9.pfb></usr/local/texli
ve/2025basic/texmf-dist/fonts/type1/public/amsfonts/symbols/msam10.pfb></usr/lo
cal/texlive/2025basic/texmf-dist/fonts/type1/public/amsfonts/symbols/msbm10.pfb
></usr/local/texlive/2025basic/texmf-dist/fonts/type1/urw/times/utmb8a.pfb></us
r/local/texlive/2025basic/texmf-dist/fonts/type1/urw/times/utmbi8a.pfb></usr/lo
cal/texlive/2025basic/texmf-dist/fonts/type1/urw/times/utmr8a.pfb></usr/local/t
exlive/2025basic/texmf-dist/fonts/type1/urw/times/utmri8a.pfb>
Output written on main.pdf (16 pages, 1928139 bytes).
PDF statistics:
 477 PDF objects out of 1000 (max. 8388607)
 140 compressed objects within 2 object streams
 0 named destinations out of 1000 (max. 500000)
 36 words of extra memory for PDF output out of 10000 (max. 10000000)

